2017-06-21 22:14:08,786 CRIT Supervisor running as root (no user in config file)
2017-06-21 22:14:08,787 WARN Included extra file "/etc/supervisor/conf.d/supervisord.conf" during parsing
2017-06-21 22:14:08,810 INFO RPC interface 'supervisor' initialized
2017-06-21 22:14:08,810 CRIT Server 'unix_http_server' running without any HTTP authentication checking
2017-06-21 22:14:08,810 INFO supervisord started with pid 1
2017-06-21 22:14:09,817 INFO spawned: 'varnishd' with pid 7
2017-06-21 22:14:09,819 INFO spawned: 'php-fpm' with pid 8
2017-06-21 22:14:09,839 INFO spawned: 'varnish-plugins-watcher' with pid 9
2017-06-21 22:14:09,844 INFO spawned: 'nginx' with pid 10
2017-06-21 22:14:10,039 INFO spawned: 'MailHog' with pid 11
2017-06-21 22:14:10,041 INFO spawned: 'mysql' with pid 12
2017-06-21 22:14:10,044 INFO spawned: 'varnish-themes-watcher' with pid 13
2017-06-21 22:14:11,173 INFO success: varnishd entered RUNNING state, process has stayed up for > than 1 seconds (startsecs)
2017-06-21 22:14:11,174 INFO success: php-fpm entered RUNNING state, process has stayed up for > than 1 seconds (startsecs)
2017-06-21 22:14:11,174 INFO success: varnish-plugins-watcher entered RUNNING state, process has stayed up for > than 1 seconds (startsecs)
2017-06-21 22:14:11,175 INFO success: nginx entered RUNNING state, process has stayed up for > than 1 seconds (startsecs)
2017-06-21 22:14:11,175 INFO success: MailHog entered RUNNING state, process has stayed up for > than 1 seconds (startsecs)
2017-06-21 22:14:11,175 INFO success: mysql entered RUNNING state, process has stayed up for > than 1 seconds (startsecs)
2017-06-21 22:14:11,175 INFO success: varnish-themes-watcher entered RUNNING state, process has stayed up for > than 1 seconds (startsecs)
2017-06-21 22:14:42,710 INFO exited: varnishd (exit status 0; expected)
2017-06-21 22:14:43,741 INFO spawned: 'varnishd' with pid 327
2017-06-21 22:14:44,783 INFO success: varnishd entered RUNNING state, process has stayed up for > than 1 seconds (startsecs)
2017-06-21 22:24:19,236 INFO exited: varnishd (exit status 0; expected)
2017-06-21 22:24:20,257 INFO spawned: 'varnishd' with pid 583
2017-06-21 22:24:20,716 INFO exited: varnishd (terminated by SIGTERM; not expected)
2017-06-21 22:24:20,884 CRIT reaped unknown pid 587)
2017-06-21 22:24:21,888 INFO spawned: 'varnishd' with pid 598
2017-06-21 22:24:23,678 INFO success: varnishd entered RUNNING state, process has stayed up for > than 1 seconds (startsecs)
2017-06-21 22:24:46,972 INFO exited: varnishd (exit status 0; expected)
2017-06-21 22:24:47,976 INFO spawned: 'varnishd' with pid 831
2017-06-21 22:24:49,159 INFO success: varnishd entered RUNNING state, process has stayed up for > than 1 seconds (startsecs)
