2017-06-29 21:36:05 24 [Warning] Using unique option prefix myisam-recover instead of myisam-recover-options is deprecated and will be removed in a future release. Please use the full name instead.
2017-06-29 21:36:05 24 [Note] Plugin 'FEDERATED' is disabled.
2017-06-29 21:36:05 24 [Note] InnoDB: Using atomics to ref count buffer pool pages
2017-06-29 21:36:05 24 [Note] InnoDB: The InnoDB memory heap is disabled
2017-06-29 21:36:05 24 [Note] InnoDB: Mutexes and rw_locks use GCC atomic builtins
2017-06-29 21:36:05 24 [Note] InnoDB: Memory barrier is not used
2017-06-29 21:36:05 24 [Note] InnoDB: Compressed tables use zlib 1.2.3
2017-06-29 21:36:05 24 [Note] InnoDB: Using Linux native AIO
2017-06-29 21:36:05 24 [Note] InnoDB: Using CPU crc32 instructions
2017-06-29 21:36:05 24 [Note] InnoDB: Initializing buffer pool, size = 8.0M
2017-06-29 21:36:05 24 [Note] InnoDB: Completed initialization of buffer pool
2017-06-29 21:36:05 24 [Note] InnoDB: Highest supported file format is Barracuda.
2017-06-29 21:36:05 24 [Note] InnoDB: The log sequence numbers 1625987 and 1625987 in ibdata files do not match the log sequence number 1625997 in the ib_logfiles!
2017-06-29 21:36:05 24 [Note] InnoDB: Database was not shutdown normally!
2017-06-29 21:36:05 24 [Note] InnoDB: Starting crash recovery.
2017-06-29 21:36:05 24 [Note] InnoDB: Reading tablespace information from the .ibd files...
2017-06-29 21:36:05 24 [Note] InnoDB: Restoring possible half-written data pages 
2017-06-29 21:36:05 24 [Note] InnoDB: from the doublewrite buffer...
2017-06-29 21:36:05 24 [Note] InnoDB: 128 rollback segment(s) are active.
2017-06-29 21:36:05 24 [Note] InnoDB: Waiting for purge to start
2017-06-29 21:36:05 24 [Note] InnoDB: 5.6.36 started; log sequence number 1625997
2017-06-29 21:36:05 24 [Note] Server hostname (bind-address): '*'; port: 3306
2017-06-29 21:36:05 24 [Note] IPv6 is available.
2017-06-29 21:36:05 24 [Note]   - '::' resolves to '::';
2017-06-29 21:36:05 24 [Note] Server socket created on IP: '::'.
2017-06-29 21:36:05 24 [ERROR] /usr/sbin/mysqld: Table './mysql/user' is marked as crashed and should be repaired
2017-06-29 21:36:05 24 [Warning] Checking table:   './mysql/user'
2017-06-29 21:36:05 24 [ERROR] 1 client is using or hasn't closed the table properly
2017-06-29 21:36:05 24 [Warning] 'user' entry 'root@607924cbbc93' ignored in --skip-name-resolve mode.
2017-06-29 21:36:05 24 [Warning] 'user' entry '@607924cbbc93' ignored in --skip-name-resolve mode.
2017-06-29 21:36:05 24 [Warning] 'proxies_priv' entry '@ root@607924cbbc93' ignored in --skip-name-resolve mode.
2017-06-29 21:36:05 24 [Note] Event Scheduler: Loaded 0 events
2017-06-29 21:36:05 24 [Note] /usr/sbin/mysqld: ready for connections.
Version: '5.6.36'  socket: '/var/run/mysqld/mysqld.sock'  port: 3306  MySQL Community Server (GPL)
2017-06-29 21:37:33 24 [Note] /usr/sbin/mysqld: Normal shutdown

2017-06-29 21:37:33 24 [Note] Giving 0 client threads a chance to die gracefully
2017-06-29 21:37:33 24 [Note] Event Scheduler: Purging the queue. 0 events
2017-06-29 21:37:33 24 [Note] Shutting down slave threads
2017-06-29 21:37:33 24 [Note] Forcefully disconnecting 0 remaining clients
2017-06-29 21:37:33 24 [Note] Binlog end
2017-06-29 21:37:33 24 [Note] Shutting down plugin 'partition'
2017-06-29 21:37:33 24 [Note] Shutting down plugin 'INNODB_SYS_DATAFILES'
2017-06-29 21:37:33 24 [Note] Shutting down plugin 'INNODB_SYS_TABLESPACES'
2017-06-29 21:37:33 24 [Note] Shutting down plugin 'INNODB_SYS_FOREIGN_COLS'
2017-06-29 21:37:33 24 [Note] Shutting down plugin 'INNODB_SYS_FOREIGN'
2017-06-29 21:37:33 24 [Note] Shutting down plugin 'INNODB_SYS_FIELDS'
2017-06-29 21:37:33 24 [Note] Shutting down plugin 'INNODB_SYS_COLUMNS'
2017-06-29 21:37:33 24 [Note] Shutting down plugin 'INNODB_SYS_INDEXES'
2017-06-29 21:37:33 24 [Note] Shutting down plugin 'INNODB_SYS_TABLESTATS'
2017-06-29 21:37:33 24 [Note] Shutting down plugin 'INNODB_SYS_TABLES'
2017-06-29 21:37:33 24 [Note] Shutting down plugin 'INNODB_FT_INDEX_TABLE'
2017-06-29 21:37:33 24 [Note] Shutting down plugin 'INNODB_FT_INDEX_CACHE'
2017-06-29 21:37:33 24 [Note] Shutting down plugin 'INNODB_FT_CONFIG'
2017-06-29 21:37:33 24 [Note] Shutting down plugin 'INNODB_FT_BEING_DELETED'
2017-06-29 21:37:33 24 [Note] Shutting down plugin 'INNODB_FT_DELETED'
2017-06-29 21:37:33 24 [Note] Shutting down plugin 'INNODB_FT_DEFAULT_STOPWORD'
2017-06-29 21:37:33 24 [Note] Shutting down plugin 'INNODB_METRICS'
2017-06-29 21:37:33 24 [Note] Shutting down plugin 'INNODB_BUFFER_POOL_STATS'
2017-06-29 21:37:33 24 [Note] Shutting down plugin 'INNODB_BUFFER_PAGE_LRU'
2017-06-29 21:37:33 24 [Note] Shutting down plugin 'INNODB_BUFFER_PAGE'
2017-06-29 21:37:33 24 [Note] Shutting down plugin 'INNODB_CMP_PER_INDEX_RESET'
2017-06-29 21:37:33 24 [Note] Shutting down plugin 'INNODB_CMP_PER_INDEX'
2017-06-29 21:37:33 24 [Note] Shutting down plugin 'INNODB_CMPMEM_RESET'
2017-06-29 21:37:33 24 [Note] Shutting down plugin 'INNODB_CMPMEM'
2017-06-29 21:37:33 24 [Note] Shutting down plugin 'INNODB_CMP_RESET'
2017-06-29 21:37:33 24 [Note] Shutting down plugin 'INNODB_CMP'
2017-06-29 21:37:33 24 [Note] Shutting down plugin 'INNODB_LOCK_WAITS'
2017-06-29 21:37:33 24 [Note] Shutting down plugin 'INNODB_LOCKS'
2017-06-29 21:37:33 24 [Note] Shutting down plugin 'INNODB_TRX'
2017-06-29 21:37:33 24 [Note] Shutting down plugin 'InnoDB'
2017-06-29 21:37:33 24 [Note] InnoDB: FTS optimize thread exiting.
2017-06-29 21:37:33 24 [Note] InnoDB: Starting shutdown...
2017-06-29 21:37:35 24 [Note] InnoDB: Shutdown completed; log sequence number 2390094
2017-06-29 21:37:35 24 [Note] Shutting down plugin 'BLACKHOLE'
2017-06-29 21:37:35 24 [Note] Shutting down plugin 'ARCHIVE'
2017-06-29 21:37:35 24 [Note] Shutting down plugin 'PERFORMANCE_SCHEMA'
2017-06-29 21:37:35 24 [Note] Shutting down plugin 'MEMORY'
2017-06-29 21:37:35 24 [Note] Shutting down plugin 'MyISAM'
2017-06-29 21:37:35 24 [Note] Shutting down plugin 'MRG_MYISAM'
2017-06-29 21:37:35 24 [Note] Shutting down plugin 'CSV'
2017-06-29 21:37:35 24 [Note] Shutting down plugin 'sha256_password'
2017-06-29 21:37:35 24 [Note] Shutting down plugin 'mysql_old_password'
2017-06-29 21:37:35 24 [Note] Shutting down plugin 'mysql_native_password'
2017-06-29 21:37:35 24 [Note] Shutting down plugin 'binlog'
2017-06-29 21:37:35 24 [Note] /usr/sbin/mysqld: Shutdown complete

2017-06-29 21:41:40 34 [Warning] Using unique option prefix myisam-recover instead of myisam-recover-options is deprecated and will be removed in a future release. Please use the full name instead.
2017-06-29 21:41:40 34 [Note] Plugin 'FEDERATED' is disabled.
2017-06-29 21:41:40 34 [Note] InnoDB: Using atomics to ref count buffer pool pages
2017-06-29 21:41:40 34 [Note] InnoDB: The InnoDB memory heap is disabled
2017-06-29 21:41:40 34 [Note] InnoDB: Mutexes and rw_locks use GCC atomic builtins
2017-06-29 21:41:40 34 [Note] InnoDB: Memory barrier is not used
2017-06-29 21:41:40 34 [Note] InnoDB: Compressed tables use zlib 1.2.3
2017-06-29 21:41:40 34 [Note] InnoDB: Using Linux native AIO
2017-06-29 21:41:40 34 [Note] InnoDB: Using CPU crc32 instructions
2017-06-29 21:41:40 34 [Note] InnoDB: Initializing buffer pool, size = 8.0M
2017-06-29 21:41:41 34 [Note] InnoDB: Completed initialization of buffer pool
2017-06-29 21:41:41 34 [Note] InnoDB: Highest supported file format is Barracuda.
2017-06-29 21:41:41 34 [Note] InnoDB: 128 rollback segment(s) are active.
2017-06-29 21:41:41 34 [Note] InnoDB: Waiting for purge to start
2017-06-29 21:41:41 34 [Note] InnoDB: 5.6.36 started; log sequence number 2390094
2017-06-29 21:41:41 34 [Note] Server hostname (bind-address): '*'; port: 3306
2017-06-29 21:41:41 34 [Note] IPv6 is available.
2017-06-29 21:41:41 34 [Note]   - '::' resolves to '::';
2017-06-29 21:41:41 34 [Note] Server socket created on IP: '::'.
2017-06-29 21:41:41 34 [Warning] 'user' entry 'root@607924cbbc93' ignored in --skip-name-resolve mode.
2017-06-29 21:41:41 34 [Warning] 'user' entry '@607924cbbc93' ignored in --skip-name-resolve mode.
2017-06-29 21:41:41 34 [Warning] 'proxies_priv' entry '@ root@607924cbbc93' ignored in --skip-name-resolve mode.
2017-06-29 21:41:41 34 [Note] Event Scheduler: Loaded 0 events
2017-06-29 21:41:41 34 [Note] /usr/sbin/mysqld: ready for connections.
Version: '5.6.36'  socket: '/var/run/mysqld/mysqld.sock'  port: 3306  MySQL Community Server (GPL)
2017-07-12 20:22:11 35 [Warning] Using unique option prefix myisam-recover instead of myisam-recover-options is deprecated and will be removed in a future release. Please use the full name instead.
2017-07-12 20:22:11 35 [Note] Plugin 'FEDERATED' is disabled.
2017-07-12 20:22:14 35 [Note] InnoDB: Using atomics to ref count buffer pool pages
2017-07-12 20:22:14 35 [Note] InnoDB: The InnoDB memory heap is disabled
2017-07-12 20:22:14 35 [Note] InnoDB: Mutexes and rw_locks use GCC atomic builtins
2017-07-12 20:22:14 35 [Note] InnoDB: Memory barrier is not used
2017-07-12 20:22:14 35 [Note] InnoDB: Compressed tables use zlib 1.2.3
2017-07-12 20:22:14 35 [Note] InnoDB: Using Linux native AIO
2017-07-12 20:22:16 35 [Note] InnoDB: Using CPU crc32 instructions
2017-07-12 20:22:16 35 [Note] InnoDB: Initializing buffer pool, size = 8.0M
2017-07-12 20:22:16 35 [Note] InnoDB: Completed initialization of buffer pool
2017-07-12 20:22:19 35 [Note] InnoDB: Highest supported file format is Barracuda.
2017-07-12 20:22:20 35 [Note] InnoDB: The log sequence numbers 2390094 and 2390094 in ibdata files do not match the log sequence number 4519260 in the ib_logfiles!
2017-07-12 20:22:20 35 [Note] InnoDB: Database was not shutdown normally!
2017-07-12 20:22:20 35 [Note] InnoDB: Starting crash recovery.
2017-07-12 20:22:20 35 [Note] InnoDB: Reading tablespace information from the .ibd files...
2017-07-12 20:22:25 35 [Note] InnoDB: Restoring possible half-written data pages 
2017-07-12 20:22:25 35 [Note] InnoDB: from the doublewrite buffer...
2017-07-12 20:22:48 35 [Note] InnoDB: 128 rollback segment(s) are active.
2017-07-12 20:22:48 35 [Note] InnoDB: Waiting for purge to start
2017-07-12 20:22:48 35 [Note] InnoDB: 5.6.36 started; log sequence number 4519260
2017-07-12 20:22:48 35 [Note] Server hostname (bind-address): '*'; port: 3306
2017-07-12 20:22:48 35 [Note] IPv6 is available.
2017-07-12 20:22:48 35 [Note]   - '::' resolves to '::';
2017-07-12 20:22:48 35 [Note] Server socket created on IP: '::'.
2017-07-12 20:22:50 35 [Warning] 'user' entry 'root@607924cbbc93' ignored in --skip-name-resolve mode.
2017-07-12 20:22:50 35 [Warning] 'user' entry '@607924cbbc93' ignored in --skip-name-resolve mode.
2017-07-12 20:22:51 35 [Warning] 'proxies_priv' entry '@ root@607924cbbc93' ignored in --skip-name-resolve mode.
2017-07-12 20:22:52 35 [Note] Event Scheduler: Loaded 0 events
2017-07-12 20:22:52 35 [Note] /usr/sbin/mysqld: ready for connections.
Version: '5.6.36'  socket: '/var/run/mysqld/mysqld.sock'  port: 3306  MySQL Community Server (GPL)
